<?xml version="1.0" encoding="UTF-8"?>
<!-- Generated by org.testng.reporters.JUnitReportReporter -->
<testsuite hostname="Zaker" failures="0" tests="1" name="Automation_Practice.Test.App" time="0.012" errors="0" timestamp="2024-01-06T16:57:22 IST" skipped="0">
  <testcase classname="Automation_Practice.Test.App" name="m1" time="0.012"/>
</testsuite> <!-- Automation_Practice.Test.App -->
