<?xml version="1.0" encoding="UTF-8"?>
<!-- Generated by org.testng.reporters.JUnitReportReporter -->
<testsuite hostname="Zaker" failures="0" tests="2" name="Automation_Practice.Test.TestNg1" time="0.007" errors="0" timestamp="2024-02-21T10:46:08 IST" skipped="0">
  <testcase classname="Automation_Practice.Test.TestNg1" name="m1" time="0.006"/>
  <testcase classname="Automation_Practice.Test.TestNg1" name="m2" time="0.001"/>
</testsuite> <!-- Automation_Practice.Test.TestNg1 -->
