<?xml version="1.0" encoding="UTF-8"?>
<!-- Generated by org.testng.reporters.JUnitReportReporter -->
<testsuite hostname="Zaker" failures="0" tests="3" name="Automation_Practice.Test.TestNgPriority" time="0.009" errors="0" timestamp="2024-01-30T12:03:19 IST" skipped="0">
  <testcase classname="Automation_Practice.Test.TestNgPriority" name="m2" time="0.007"/>
  <testcase classname="Automation_Practice.Test.TestNgPriority" name="m1" time="0.001"/>
  <testcase classname="Automation_Practice.Test.TestNgPriority" name="m3" time="0.001"/>
</testsuite> <!-- Automation_Practice.Test.TestNgPriority -->
