<?xml version="1.0" encoding="UTF-8"?>
<!-- Generated by org.testng.reporters.JUnitReportReporter -->
<testsuite hostname="Zaker" failures="0" tests="5" name="Automation_Practice.Test.DataProviderExample" time="0.013" errors="0" timestamp="2024-02-15T16:33:06 IST" skipped="0">
  <testcase classname="Automation_Practice.Test.DataProviderExample" name="login" time="0.000"/>
  <testcase classname="Automation_Practice.Test.DataProviderExample" name="login" time="0.001"/>
  <testcase classname="Automation_Practice.Test.DataProviderExample" name="login" time="0.009"/>
  <testcase classname="Automation_Practice.Test.DataProviderExample" name="login" time="0.001"/>
  <testcase classname="Automation_Practice.Test.DataProviderExample" name="login" time="0.002"/>
</testsuite> <!-- Automation_Practice.Test.DataProviderExample -->
